<?xml version="1.0" encoding="UTF-8"?>
<!-- Generated by org.testng.reporters.JUnitReportReporter -->
<testsuite hostname="DESKTOP-S0OT7OH" failures="0" tests="1" name="practice.Parameters" time="98.172" errors="0" timestamp="2023-03-03T17:22:58 IST" skipped="0">
  <testcase classname="practice.Parameters" name="m1" time="98.172"/>
  <system-out/>
</testsuite> <!-- practice.Parameters -->
